[    31.246] (--) Log file renamed from "/var/log/Xorg.pid-3745.log" to "/var/log/Xorg.0.log"
[    31.247] 
X.Org X Server 1.20.5
X Protocol Version 11, Revision 0
[    31.247] Build Operating System: Linux 4.4.0-165-generic x86_64 Ubuntu
[    31.247] Current Operating System: Linux macmartin 5.4.6 #10 SMP PREEMPT Tue Dec 24 15:57:34 CET 2019 x86_64
[    31.247] Kernel command line: BOOT_IMAGE=/boot/vmlinuz-5.4.6 root=UUID=967cef72-c47e-4565-9c41-92ef1ac054da ro recovery nomodeset
[    31.247] Build Date: 08 October 2019  09:43:30AM
[    31.247] xorg-server 2:1.20.5+git20191008-0ubuntu1 (For technical support please see http://www.ubuntu.com/support) 
[    31.247] Current version of pixman: 0.38.4
[    31.247] 	Before reporting problems, check http://wiki.x.org
	to make sure that you have the latest version.
[    31.247] Markers: (--) probed, (**) from config file, (==) default setting,
	(++) from command line, (!!) notice, (II) informational,
	(WW) warning, (EE) error, (NI) not implemented, (??) unknown.
[    31.247] (==) Log file: "/var/log/Xorg.0.log", Time: Tue Dec 24 20:49:51 2019
[    31.248] (==) Using system config directory "/usr/share/X11/xorg.conf.d"
[    31.249] (==) No Layout section.  Using the first Screen section.
[    31.249] (==) No screen section available. Using defaults.
[    31.249] (**) |-->Screen "Default Screen Section" (0)
[    31.249] (**) |   |-->Monitor "<default monitor>"
[    31.250] (==) No monitor specified for screen "Default Screen Section".
	Using a default monitor configuration.
[    31.250] (==) Automatically adding devices
[    31.250] (==) Automatically enabling devices
[    31.250] (==) Automatically adding GPU devices
[    31.250] (==) Automatically binding GPU devices
[    31.250] (==) Max clients allowed: 256, resource mask: 0x1fffff
[    31.252] (WW) The directory "/usr/share/fonts/X11/cyrillic" does not exist.
[    31.252] 	Entry deleted from font path.
[    31.252] (WW) The directory "/usr/share/fonts/X11/100dpi/" does not exist.
[    31.252] 	Entry deleted from font path.
[    31.252] (WW) The directory "/usr/share/fonts/X11/75dpi/" does not exist.
[    31.252] 	Entry deleted from font path.
[    31.252] (WW) The directory "/usr/share/fonts/X11/100dpi" does not exist.
[    31.252] 	Entry deleted from font path.
[    31.252] (WW) The directory "/usr/share/fonts/X11/75dpi" does not exist.
[    31.252] 	Entry deleted from font path.
[    31.252] (==) FontPath set to:
	/usr/share/fonts/X11/misc,
	/usr/share/fonts/X11/Type1,
	built-ins
[    31.252] (==) ModulePath set to "/usr/lib/xorg/modules"
[    31.252] (II) The server relies on udev to provide the list of input devices.
	If no devices become available, reconfigure udev or disable AutoAddDevices.
[    31.252] (II) Loader magic: 0x55d0055c2020
[    31.252] (II) Module ABI versions:
[    31.252] 	X.Org ANSI C Emulation: 0.4
[    31.252] 	X.Org Video Driver: 24.0
[    31.252] 	X.Org XInput driver : 24.1
[    31.252] 	X.Org Server Extension : 10.0
[    31.253] (++) using VT number 2

[    31.254] (II) systemd-logind: took control of session /org/freedesktop/login1/session/_31
[    31.257] (--) PCI:*(0@0:2:0) 8086:3ea6:106b:0178 rev 1, Mem @ 0x90000000/16777216, 0xa0000000/268435456, I/O @ 0x00003000/64, BIOS @ 0x????????/131072
[    31.258] (II) LoadModule: "glx"
[    31.258] (II) Loading /usr/lib/xorg/modules/extensions/libglx.so
[    31.264] (II) Module glx: vendor="X.Org Foundation"
[    31.264] 	compiled for 1.20.5, module version = 1.0.0
[    31.264] 	ABI class: X.Org Server Extension, version 10.0
[    31.264] (==) Matched modesetting as autoconfigured driver 0
[    31.264] (==) Matched fbdev as autoconfigured driver 1
[    31.264] (==) Matched vesa as autoconfigured driver 2
[    31.264] (==) Assigned the driver to the xf86ConfigLayout
[    31.264] (II) LoadModule: "modesetting"
[    31.264] (II) Loading /usr/lib/xorg/modules/drivers/modesetting_drv.so
[    31.265] (II) Module modesetting: vendor="X.Org Foundation"
[    31.265] 	compiled for 1.20.5, module version = 1.20.5
[    31.265] 	Module class: X.Org Video Driver
[    31.265] 	ABI class: X.Org Video Driver, version 24.0
[    31.265] (II) LoadModule: "fbdev"
[    31.265] (II) Loading /usr/lib/xorg/modules/drivers/fbdev_drv.so
[    31.266] (II) Module fbdev: vendor="X.Org Foundation"
[    31.266] 	compiled for 1.20.1, module version = 0.5.0
[    31.266] 	Module class: X.Org Video Driver
[    31.266] 	ABI class: X.Org Video Driver, version 24.0
[    31.266] (II) LoadModule: "vesa"
[    31.266] (II) Loading /usr/lib/xorg/modules/drivers/vesa_drv.so
[    31.266] (II) Module vesa: vendor="X.Org Foundation"
[    31.266] 	compiled for 1.20.4, module version = 2.4.0
[    31.266] 	Module class: X.Org Video Driver
[    31.266] 	ABI class: X.Org Video Driver, version 24.0
[    31.266] (II) modesetting: Driver for Modesetting Kernel Drivers: kms
[    31.266] (II) FBDEV: driver for framebuffer: fbdev
[    31.266] (II) VESA: driver for VESA chipsets: vesa
[    31.266] (EE) open /dev/dri/card0: No such file or directory
[    31.266] (WW) Falling back to old probe method for modesetting
[    31.266] (EE) open /dev/dri/card0: No such file or directory
[    31.266] (II) Loading sub module "fbdevhw"
[    31.266] (II) LoadModule: "fbdevhw"
[    31.266] (II) Loading /usr/lib/xorg/modules/libfbdevhw.so
[    31.267] (II) Module fbdevhw: vendor="X.Org Foundation"
[    31.267] 	compiled for 1.20.5, module version = 0.0.2
[    31.267] 	ABI class: X.Org Video Driver, version 24.0
[    31.267] (**) FBDEV(1): claimed PCI slot 0@0:2:0
[    31.267] (II) FBDEV(1): using default device
[    31.267] (EE) Screen 0 deleted because of no matching config section.
[    31.267] (II) UnloadModule: "modesetting"
[    31.267] (II) FBDEV(0): Creating default Display subsection in Screen section
	"Default Screen Section" for depth/fbbpp 24/32
[    31.267] (==) FBDEV(0): Depth 24, (==) framebuffer bpp 32
[    31.267] (==) FBDEV(0): RGB weight 888
[    31.267] (==) FBDEV(0): Default visual is TrueColor
[    31.267] (==) FBDEV(0): Using gamma correction (1.0, 1.0, 1.0)
[    31.267] (II) FBDEV(0): hardware: EFI VGA (video memory: 20288kB)
[    31.267] (II) FBDEV(0): checking modes against framebuffer device...
[    31.267] (II) FBDEV(0): checking modes against monitor...
[    31.267] (II) FBDEV(0): Virtual size is 2880x1800 (pitch 2880)
[    31.267] (**) FBDEV(0):  Built-in mode "current": 518.7 MHz, 166.2 kHz, 91.1 Hz
[    31.267] (II) FBDEV(0): Modeline "current"x0.0  518.67  2880 2912 3016 3120  1800 1804 1808 1824 -hsync -vsync -csync (166.2 kHz b)
[    31.267] (==) FBDEV(0): DPI set to (96, 96)
[    31.267] (II) Loading sub module "fb"
[    31.267] (II) LoadModule: "fb"
[    31.267] (II) Loading /usr/lib/xorg/modules/libfb.so
[    31.268] (II) Module fb: vendor="X.Org Foundation"
[    31.268] 	compiled for 1.20.5, module version = 1.0.0
[    31.268] 	ABI class: X.Org ANSI C Emulation, version 0.4
[    31.268] (**) FBDEV(0): using shadow framebuffer
[    31.268] (II) Loading sub module "shadow"
[    31.268] (II) LoadModule: "shadow"
[    31.268] (II) Loading /usr/lib/xorg/modules/libshadow.so
[    31.268] (II) Module shadow: vendor="X.Org Foundation"
[    31.268] 	compiled for 1.20.5, module version = 1.1.0
[    31.268] 	ABI class: X.Org ANSI C Emulation, version 0.4
[    31.268] (II) UnloadModule: "vesa"
[    31.268] (II) Unloading vesa
[    31.268] (II) FBDEV(0): FBIOBLANK: Invalid argument (Screen blanking not supported by kernel - disabling)
[    31.270] (==) FBDEV(0): Backing store enabled
[    31.270] (==) FBDEV(0): DPMS enabled
[    31.271] (II) Initializing extension Generic Event Extension
[    31.271] (II) Initializing extension SHAPE
[    31.271] (II) Initializing extension MIT-SHM
[    31.271] (II) Initializing extension XInputExtension
[    31.272] (II) Initializing extension XTEST
[    31.272] (II) Initializing extension BIG-REQUESTS
[    31.272] (II) Initializing extension SYNC
[    31.272] (II) Initializing extension XKEYBOARD
[    31.272] (II) Initializing extension XC-MISC
[    31.272] (II) Initializing extension SECURITY
[    31.273] (II) Initializing extension XFIXES
[    31.273] (II) Initializing extension RENDER
[    31.273] (II) Initializing extension RANDR
[    31.273] (II) Initializing extension COMPOSITE
[    31.274] (II) Initializing extension DAMAGE
[    31.274] (II) Initializing extension MIT-SCREEN-SAVER
[    31.274] (II) Initializing extension DOUBLE-BUFFER
[    31.274] (II) Initializing extension RECORD
[    31.274] (II) Initializing extension DPMS
[    31.274] (II) Initializing extension Present
[    31.275] (II) Initializing extension DRI3
[    31.275] (II) Initializing extension X-Resource
[    31.275] (II) Initializing extension XVideo
[    31.275] (II) Initializing extension XVideo-MotionCompensation
[    31.275] (II) Initializing extension SELinux
[    31.275] (II) SELinux: Disabled on system
[    31.275] (II) Initializing extension GLX
[    31.276] (II) AIGLX: Screen 0 is not DRI2 capable
[    31.370] (II) IGLX: Loaded and initialized swrast
[    31.370] (II) GLX: Initialized DRISWRAST GL provider for screen 0
[    31.370] (II) Initializing extension XFree86-VidModeExtension
[    31.370] (II) Initializing extension XFree86-DGA
[    31.371] (II) Initializing extension XFree86-DRI
[    31.371] (II) Initializing extension DRI2
[    31.413] (II) config/udev: Adding input device Power Button (/dev/input/event3)
[    31.413] (**) Power Button: Applying InputClass "libinput keyboard catchall"
[    31.413] (II) LoadModule: "libinput"
[    31.413] (II) Loading /usr/lib/xorg/modules/input/libinput_drv.so
[    31.416] (II) Module libinput: vendor="X.Org Foundation"
[    31.416] 	compiled for 1.20.4, module version = 0.29.0
[    31.416] 	Module class: X.Org XInput Driver
[    31.416] 	ABI class: X.Org XInput driver, version 24.1
[    31.416] (II) Using input driver 'libinput' for 'Power Button'
[    31.417] (II) systemd-logind: got fd for /dev/input/event3 13:67 fd 22 paused 0
[    31.417] (**) Power Button: always reports core events
[    31.417] (**) Option "Device" "/dev/input/event3"
[    31.417] (**) Option "_source" "server/udev"
[    31.419] (II) event3  - Power Button: is tagged by udev as: Keyboard
[    31.419] (II) event3  - Power Button: device is a keyboard
[    31.419] (II) event3  - Power Button: device removed
[    31.419] (**) Option "config_info" "udev:/sys/devices/LNXSYSTM:00/LNXPWRBN:00/input/input3/event3"
[    31.419] (II) XINPUT: Adding extended input device "Power Button" (type: KEYBOARD, id 6)
[    31.419] (**) Option "xkb_layout" "de"
[    31.432] (II) event3  - Power Button: is tagged by udev as: Keyboard
[    31.432] (II) event3  - Power Button: device is a keyboard
[    31.433] (II) config/udev: Adding input device Power Button (/dev/input/event1)
[    31.433] (**) Power Button: Applying InputClass "libinput keyboard catchall"
[    31.433] (II) Using input driver 'libinput' for 'Power Button'
[    31.433] (II) systemd-logind: got fd for /dev/input/event1 13:65 fd 25 paused 0
[    31.434] (**) Power Button: always reports core events
[    31.434] (**) Option "Device" "/dev/input/event1"
[    31.434] (**) Option "_source" "server/udev"
[    31.434] (II) event1  - Power Button: is tagged by udev as: Keyboard
[    31.434] (II) event1  - Power Button: device is a keyboard
[    31.434] (II) event1  - Power Button: device removed
[    31.434] (**) Option "config_info" "udev:/sys/devices/LNXSYSTM:00/LNXSYBUS:00/PNP0C0C:00/input/input1/event1"
[    31.434] (II) XINPUT: Adding extended input device "Power Button" (type: KEYBOARD, id 7)
[    31.434] (**) Option "xkb_layout" "de"
[    31.435] (II) event1  - Power Button: is tagged by udev as: Keyboard
[    31.435] (II) event1  - Power Button: device is a keyboard
[    31.435] (II) config/udev: Adding input device Lid Switch (/dev/input/event0)
[    31.435] (II) No input driver specified, ignoring this device.
[    31.435] (II) This device may have been added with another device file.
[    31.435] (II) config/udev: Adding input device Sleep Button (/dev/input/event2)
[    31.435] (**) Sleep Button: Applying InputClass "libinput keyboard catchall"
[    31.435] (II) Using input driver 'libinput' for 'Sleep Button'
[    31.436] (II) systemd-logind: got fd for /dev/input/event2 13:66 fd 26 paused 0
[    31.436] (**) Sleep Button: always reports core events
[    31.436] (**) Option "Device" "/dev/input/event2"
[    31.436] (**) Option "_source" "server/udev"
[    31.437] (II) event2  - Sleep Button: is tagged by udev as: Keyboard
[    31.437] (II) event2  - Sleep Button: device is a keyboard
[    31.437] (II) event2  - Sleep Button: device removed
[    31.437] (**) Option "config_info" "udev:/sys/devices/LNXSYSTM:00/LNXSYBUS:00/PNP0C0E:00/input/input2/event2"
[    31.437] (II) XINPUT: Adding extended input device "Sleep Button" (type: KEYBOARD, id 8)
[    31.437] (**) Option "xkb_layout" "de"
[    31.437] (II) event2  - Sleep Button: is tagged by udev as: Keyboard
[    31.437] (II) event2  - Sleep Button: device is a keyboard
[    31.438] (II) config/udev: Adding input device Apple Headset (/dev/input/event6)
[    31.438] (**) Apple Headset: Applying InputClass "libinput keyboard catchall"
[    31.438] (II) Using input driver 'libinput' for 'Apple Headset'
[    31.438] (II) systemd-logind: got fd for /dev/input/event6 13:70 fd 27 paused 0
[    31.439] (**) Apple Headset: always reports core events
[    31.439] (**) Option "Device" "/dev/input/event6"
[    31.439] (**) Option "_source" "server/udev"
[    31.440] (II) event6  - Apple Headset: is tagged by udev as: Keyboard
[    31.440] (II) event6  - Apple Headset: device is a keyboard
[    31.440] (II) event6  - Apple Headset: device removed
[    31.440] (**) Option "config_info" "udev:/sys/devices/pci0000:00/0000:00:1d.0/0000:02:00.1/bce/bce/bce-vhci/usb5/5-4/5-4:1.0/0003:05AC:8103.0002/input/input6/event6"
[    31.440] (II) XINPUT: Adding extended input device "Apple Headset" (type: KEYBOARD, id 9)
[    31.440] (**) Option "xkb_layout" "de"
[    31.441] (II) event6  - Apple Headset: is tagged by udev as: Keyboard
[    31.441] (II) event6  - Apple Headset: device is a keyboard
[    31.442] (II) config/udev: Adding input device Apple Inc. Apple Internal Keyboard / Trackpad (/dev/input/event8)
[    31.442] (**) Apple Inc. Apple Internal Keyboard / Trackpad: Applying InputClass "libinput keyboard catchall"
[    31.442] (II) Using input driver 'libinput' for 'Apple Inc. Apple Internal Keyboard / Trackpad'
[    31.442] (II) systemd-logind: got fd for /dev/input/event8 13:72 fd 28 paused 0
[    31.442] (**) Apple Inc. Apple Internal Keyboard / Trackpad: always reports core events
[    31.442] (**) Option "Device" "/dev/input/event8"
[    31.442] (**) Option "_source" "server/udev"
[    31.444] (II) event8  - Apple Inc. Apple Internal Keyboard / Trackpad: is tagged by udev as: Keyboard
[    31.444] (II) event8  - Apple Inc. Apple Internal Keyboard / Trackpad: device is a keyboard
[    31.444] (II) event8  - Apple Inc. Apple Internal Keyboard / Trackpad: device removed
[    31.444] (**) Option "config_info" "udev:/sys/devices/pci0000:00/0000:00:1d.0/0000:02:00.1/bce/bce/bce-vhci/usb5/5-5/5-5:1.1/0003:05AC:027D.0004/input/input9/event8"
[    31.444] (II) XINPUT: Adding extended input device "Apple Inc. Apple Internal Keyboard / Trackpad" (type: KEYBOARD, id 10)
[    31.444] (**) Option "xkb_layout" "de"
[    31.445] (II) event8  - Apple Inc. Apple Internal Keyboard / Trackpad: is tagged by udev as: Keyboard
[    31.445] (II) event8  - Apple Inc. Apple Internal Keyboard / Trackpad: device is a keyboard
[    31.446] (II) config/udev: Adding input device bcm5974 (/dev/input/event5)
[    31.446] (**) bcm5974: Applying InputClass "libinput touchpad catchall"
[    31.446] (II) Using input driver 'libinput' for 'bcm5974'
[    31.447] (II) systemd-logind: got fd for /dev/input/event5 13:69 fd 29 paused 0
[    31.447] (**) bcm5974: always reports core events
[    31.447] (**) Option "Device" "/dev/input/event5"
[    31.447] (**) Option "_source" "server/udev"
[    31.448] (II) event5  - bcm5974: is tagged by udev as: Touchpad
[    31.448] (II) event5  - bcm5974: device is a touchpad
[    31.448] (II) event5  - bcm5974: device removed
[    31.448] (**) Option "config_info" "udev:/sys/devices/pci0000:00/0000:00:1d.0/0000:02:00.1/bce/bce/bce-vhci/usb5/5-5/5-5:1.2/input/input5/event5"
[    31.448] (II) XINPUT: Adding extended input device "bcm5974" (type: TOUCHPAD, id 11)
[    31.449] (**) Option "AccelerationScheme" "none"
[    31.449] (**) bcm5974: (accel) selected scheme none/0
[    31.449] (**) bcm5974: (accel) acceleration factor: 2.000
[    31.449] (**) bcm5974: (accel) acceleration threshold: 4
[    31.450] (II) event5  - bcm5974: is tagged by udev as: Touchpad
[    31.450] (II) event5  - bcm5974: device is a touchpad
[    31.451] (II) config/udev: Adding input device bcm5974 (/dev/input/mouse0)
[    31.451] (II) No input driver specified, ignoring this device.
[    31.451] (II) This device may have been added with another device file.
[    31.452] (II) config/udev: Adding input device Apple Inc. Touch Bar Display (/dev/input/event7)
[    31.452] (**) Apple Inc. Touch Bar Display: Applying InputClass "libinput keyboard catchall"
[    31.452] (II) Using input driver 'libinput' for 'Apple Inc. Touch Bar Display'
[    31.452] (II) systemd-logind: got fd for /dev/input/event7 13:71 fd 30 paused 0
[    31.452] (**) Apple Inc. Touch Bar Display: always reports core events
[    31.452] (**) Option "Device" "/dev/input/event7"
[    31.452] (**) Option "_source" "server/udev"
[    31.454] (II) event7  - Apple Inc. Touch Bar Display: is tagged by udev as: Keyboard
[    31.454] (II) event7  - Apple Inc. Touch Bar Display: device is a keyboard
[    31.454] (II) event7  - Apple Inc. Touch Bar Display: device removed
[    31.454] (**) Option "config_info" "udev:/sys/devices/pci0000:00/0000:00:1d.0/0000:02:00.1/bce/bce/bce-vhci/usb5/5-6/5-6:1.0/0003:05AC:8302.0007/input/input8/event7"
[    31.454] (II) XINPUT: Adding extended input device "Apple Inc. Touch Bar Display" (type: KEYBOARD, id 12)
[    31.454] (**) Option "xkb_layout" "de"
[    31.455] (II) event7  - Apple Inc. Touch Bar Display: is tagged by udev as: Keyboard
[    31.455] (II) event7  - Apple Inc. Touch Bar Display: device is a keyboard
[    31.456] (II) config/udev: Adding input device Apple T2 Audio Codec Output (/dev/input/event4)
[    31.456] (II) No input driver specified, ignoring this device.
[    31.456] (II) This device may have been added with another device file.
[    33.222] (EE) event5  - bcm5974: kernel bug: Touch jump detected and discarded.
See https://wayland.freedesktop.org/libinput/doc/1.14.1/touchpad-jumping-cursors.html for details
[   554.676] (EE) event5  - bcm5974: kernel bug: Touch jump detected and discarded.
See https://wayland.freedesktop.org/libinput/doc/1.14.1/touchpad-jumping-cursors.html for details
[   864.143] (EE) event5  - bcm5974: kernel bug: Touch jump detected and discarded.
See https://wayland.freedesktop.org/libinput/doc/1.14.1/touchpad-jumping-cursors.html for details
[   919.823] (**) Option "fd" "22"
[   919.823] (II) event3  - Power Button: device removed
[   919.823] (**) Option "fd" "25"
[   919.823] (II) event1  - Power Button: device removed
[   919.823] (**) Option "fd" "26"
[   919.823] (II) event2  - Sleep Button: device removed
[   919.823] (**) Option "fd" "27"
[   919.823] (II) event6  - Apple Headset: device removed
[   919.823] (**) Option "fd" "28"
[   919.823] (II) event8  - Apple Inc. Apple Internal Keyboard / Trackpad: device removed
[   919.823] (**) Option "fd" "29"
[   919.823] (II) event5  - bcm5974: device removed
[   919.823] (**) Option "fd" "30"
[   919.823] (II) event7  - Apple Inc. Touch Bar Display: device removed
[   919.827] (II) UnloadModule: "libinput"
[   919.827] (II) systemd-logind: releasing fd for 13:71
[   919.872] (II) UnloadModule: "libinput"
[   919.872] (II) systemd-logind: releasing fd for 13:69
[   919.959] (II) UnloadModule: "libinput"
[   919.959] (II) systemd-logind: releasing fd for 13:72
[   919.972] (II) UnloadModule: "libinput"
[   919.972] (II) systemd-logind: releasing fd for 13:70
[   920.035] (II) UnloadModule: "libinput"
[   920.035] (II) systemd-logind: releasing fd for 13:66
[   920.062] (II) UnloadModule: "libinput"
[   920.062] (II) systemd-logind: releasing fd for 13:65
[   920.085] (II) UnloadModule: "libinput"
[   920.086] (II) systemd-logind: releasing fd for 13:67
[   920.110] (WW) xf86CloseConsole: KDSETMODE failed: Input/output error
[   920.110] (WW) xf86CloseConsole: VT_GETMODE failed: Input/output error
[   920.110] (WW) xf86CloseConsole: VT_ACTIVATE failed: Input/output error
[   920.117] (II) Server terminated successfully (0). Closing log file.
